{"C:\\NsinWork\\CBAP_0\\MobileApp\\src\\Navigation\\DataAccessLayer\\TestNavigationDAL.ts": {"path":"C:\\NsinWork\\CBAP_0\\MobileApp\\src\\Navigation\\DataAccessLayer\\TestNavigationDAL.ts","statementMap":{"0":{"start":{"line":4,"column":50},"end":{"line":71,"column":1}},"1":{"start":{"line":73,"column":13},"end":{"line":73,"column":42}},"2":{"start":{"line":76,"column":37},"end":{"line":76,"column":39}},"3":{"start":{"line":77,"column":25},"end":{"line":77,"column":30}},"4":{"start":{"line":80,"column":52},"end":{"line":80,"column":70}},"5":{"start":{"line":81,"column":8},"end":{"line":81,"column":29}},"6":{"start":{"line":85,"column":8},"end":{"line":85,"column":28}},"7":{"start":{"line":89,"column":8},"end":{"line":89,"column":28}},"8":{"start":{"line":109,"column":8},"end":{"line":109,"column":30}},"9":{"start":{"line":113,"column":8},"end":{"line":113,"column":29}}},"fnMap":{"0":{"name":"(anonymous_0)","decl":{"start":{"line":79,"column":4},"end":{"line":79,"column":5}},"loc":{"start":{"line":79,"column":54},"end":{"line":82,"column":5}},"line":79},"1":{"name":"(anonymous_1)","decl":{"start":{"line":84,"column":4},"end":{"line":84,"column":5}},"loc":{"start":{"line":84,"column":66},"end":{"line":86,"column":5}},"line":84},"2":{"name":"(anonymous_2)","decl":{"start":{"line":88,"column":4},"end":{"line":88,"column":5}},"loc":{"start":{"line":88,"column":62},"end":{"line":90,"column":5}},"line":88},"3":{"name":"(anonymous_3)","decl":{"start":{"line":92,"column":4},"end":{"line":92,"column":5}},"loc":{"start":{"line":92,"column":32},"end":{"line":94,"column":5}},"line":92},"4":{"name":"(anonymous_4)","decl":{"start":{"line":96,"column":4},"end":{"line":96,"column":5}},"loc":{"start":{"line":96,"column":53},"end":{"line":98,"column":5}},"line":96},"5":{"name":"(anonymous_5)","decl":{"start":{"line":100,"column":4},"end":{"line":100,"column":5}},"loc":{"start":{"line":100,"column":25},"end":{"line":102,"column":5}},"line":100},"6":{"name":"(anonymous_6)","decl":{"start":{"line":104,"column":4},"end":{"line":104,"column":5}},"loc":{"start":{"line":104,"column":19},"end":{"line":106,"column":5}},"line":104},"7":{"name":"(anonymous_7)","decl":{"start":{"line":108,"column":4},"end":{"line":108,"column":5}},"loc":{"start":{"line":108,"column":42},"end":{"line":110,"column":5}},"line":108},"8":{"name":"(anonymous_8)","decl":{"start":{"line":112,"column":4},"end":{"line":112,"column":5}},"loc":{"start":{"line":112,"column":28},"end":{"line":114,"column":5}},"line":112}},"branchMap":{},"s":{"0":1,"1":1,"2":1,"3":1,"4":4,"5":4,"6":1,"7":1,"8":0,"9":0},"f":{"0":4,"1":1,"2":1,"3":0,"4":0,"5":0,"6":0,"7":0,"8":0},"b":{},"_coverageSchema":"1a1c01bbd47fc00a2c39e90264f33305004495a9","hash":"6bfa9d8760afad249a2a79953dd01c4d6febffe8"}
,"C:\\NsinWork\\CBAP_0\\MobileApp\\src\\Navigation\\NavigationViewModels\\DrawerContentFactory.tsx": {"path":"C:\\NsinWork\\CBAP_0\\MobileApp\\src\\Navigation\\NavigationViewModels\\DrawerContentFactory.tsx","statementMap":{"0":{"start":{"line":12,"column":8},"end":{"line":12,"column":43}},"1":{"start":{"line":21,"column":45},"end":{"line":21,"column":83}},"2":{"start":{"line":22,"column":8},"end":{"line":22,"column":22}},"3":{"start":{"line":26,"column":8},"end":{"line":26,"column":44}},"4":{"start":{"line":30,"column":8},"end":{"line":30,"column":95}},"5":{"start":{"line":38,"column":8},"end":{"line":38,"column":55}},"6":{"start":{"line":54,"column":8},"end":{"line":54,"column":25}},"7":{"start":{"line":55,"column":8},"end":{"line":55,"column":21}},"8":{"start":{"line":56,"column":8},"end":{"line":56,"column":27}},"9":{"start":{"line":57,"column":8},"end":{"line":57,"column":33}},"10":{"start":{"line":58,"column":8},"end":{"line":58,"column":27}},"11":{"start":{"line":62,"column":8},"end":{"line":72,"column":9}},"12":{"start":{"line":64,"column":16},"end":{"line":64,"column":125}},"13":{"start":{"line":67,"column":16},"end":{"line":70,"column":17}},"14":{"start":{"line":76,"column":43},"end":{"line":91,"column":10}},"15":{"start":{"line":77,"column":12},"end":{"line":90,"column":13}},"16":{"start":{"line":79,"column":20},"end":{"line":79,"column":125}},"17":{"start":{"line":82,"column":20},"end":{"line":82,"column":94}},"18":{"start":{"line":85,"column":20},"end":{"line":88,"column":21}},"19":{"start":{"line":92,"column":8},"end":{"line":92,"column":28}}},"fnMap":{"0":{"name":"(anonymous_0)","decl":{"start":{"line":11,"column":4},"end":{"line":11,"column":5}},"loc":{"start":{"line":11,"column":47},"end":{"line":13,"column":5}},"line":11},"1":{"name":"(anonymous_1)","decl":{"start":{"line":20,"column":4},"end":{"line":20,"column":5}},"loc":{"start":{"line":20,"column":16},"end":{"line":23,"column":5}},"line":20},"2":{"name":"(anonymous_2)","decl":{"start":{"line":25,"column":4},"end":{"line":25,"column":5}},"loc":{"start":{"line":25,"column":21},"end":{"line":27,"column":5}},"line":25},"3":{"name":"(anonymous_3)","decl":{"start":{"line":29,"column":4},"end":{"line":29,"column":5}},"loc":{"start":{"line":29,"column":21},"end":{"line":31,"column":5}},"line":29},"4":{"name":"(anonymous_4)","decl":{"start":{"line":37,"column":4},"end":{"line":37,"column":5}},"loc":{"start":{"line":37,"column":47},"end":{"line":39,"column":5}},"line":37},"5":{"name":"(anonymous_5)","decl":{"start":{"line":53,"column":4},"end":{"line":53,"column":5}},"loc":{"start":{"line":53,"column":75},"end":{"line":59,"column":5}},"line":53},"6":{"name":"(anonymous_6)","decl":{"start":{"line":61,"column":4},"end":{"line":61,"column":5}},"loc":{"start":{"line":61,"column":15},"end":{"line":73,"column":5}},"line":61},"7":{"name":"(anonymous_7)","decl":{"start":{"line":75,"column":4},"end":{"line":75,"column":5}},"loc":{"start":{"line":75,"column":69},"end":{"line":93,"column":5}},"line":75},"8":{"name":"(anonymous_8)","decl":{"start":{"line":76,"column":56},"end":{"line":76,"column":57}},"loc":{"start":{"line":76,"column":64},"end":{"line":91,"column":9}},"line":76}},"branchMap":{"0":{"loc":{"start":{"line":30,"column":41},"end":{"line":30,"column":94}},"type":"cond-expr","locations":[{"start":{"line":30,"column":82},"end":{"line":30,"column":87}},{"start":{"line":30,"column":90},"end":{"line":30,"column":94}}],"line":30},"1":{"loc":{"start":{"line":62,"column":8},"end":{"line":72,"column":9}},"type":"switch","locations":[{"start":{"line":63,"column":12},"end":{"line":65,"column":14}},{"start":{"line":66,"column":12},"end":{"line":71,"column":14}}],"line":62},"2":{"loc":{"start":{"line":77,"column":12},"end":{"line":90,"column":13}},"type":"switch","locations":[{"start":{"line":78,"column":16},"end":{"line":80,"column":18}},{"start":{"line":81,"column":16},"end":{"line":83,"column":18}},{"start":{"line":84,"column":16},"end":{"line":89,"column":17}}],"line":77}},"s":{"0":1,"1":2,"2":2,"3":0,"4":0,"5":0,"6":4,"7":4,"8":4,"9":4,"10":4,"11":4,"12":4,"13":0,"14":11,"15":7,"16":7,"17":0,"18":0,"19":11},"f":{"0":1,"1":2,"2":0,"3":0,"4":0,"5":4,"6":4,"7":11,"8":7},"b":{"0":[0,0],"1":[4,0],"2":[7,0,0]},"_coverageSchema":"1a1c01bbd47fc00a2c39e90264f33305004495a9","hash":"a4140cd968f38899ee46248c42fc4bb7c6ef725d"}
,"C:\\NsinWork\\CBAP_0\\MobileApp\\src\\Navigation\\NavigationViews\\GroupItemView.tsx": {"path":"C:\\NsinWork\\CBAP_0\\MobileApp\\src\\Navigation\\NavigationViews\\GroupItemView.tsx","statementMap":{"0":{"start":{"line":9,"column":38},"end":{"line":20,"column":1}},"1":{"start":{"line":10,"column":28},"end":{"line":10,"column":52}},"2":{"start":{"line":11,"column":4},"end":{"line":19,"column":6}},"3":{"start":{"line":12,"column":34},"end":{"line":12,"column":76}}},"fnMap":{"0":{"name":"(anonymous_0)","decl":{"start":{"line":9,"column":38},"end":{"line":9,"column":39}},"loc":{"start":{"line":9,"column":63},"end":{"line":20,"column":1}},"line":9},"1":{"name":"(anonymous_1)","decl":{"start":{"line":12,"column":28},"end":{"line":12,"column":29}},"loc":{"start":{"line":12,"column":34},"end":{"line":12,"column":76}},"line":12}},"branchMap":{"0":{"loc":{"start":{"line":12,"column":42},"end":{"line":12,"column":75}},"type":"cond-expr","locations":[{"start":{"line":12,"column":60},"end":{"line":12,"column":66}},{"start":{"line":12,"column":69},"end":{"line":12,"column":75}}],"line":12}},"s":{"0":1,"1":8,"2":8,"3":0},"f":{"0":8,"1":0},"b":{"0":[0,0]},"_coverageSchema":"1a1c01bbd47fc00a2c39e90264f33305004495a9","hash":"2ee555372945d60d48e5d05e3ad0f459dfc982af"}
,"C:\\NsinWork\\CBAP_0\\MobileApp\\src\\Navigation\\NavigationViews\\NavItemView.tsx": {"path":"C:\\NsinWork\\CBAP_0\\MobileApp\\src\\Navigation\\NavigationViews\\NavItemView.tsx","statementMap":{"0":{"start":{"line":10,"column":34},"end":{"line":18,"column":1}},"1":{"start":{"line":11,"column":23},"end":{"line":11,"column":38}},"2":{"start":{"line":12,"column":4},"end":{"line":17,"column":6}},"3":{"start":{"line":13,"column":34},"end":{"line":13,"column":60}}},"fnMap":{"0":{"name":"(anonymous_0)","decl":{"start":{"line":10,"column":34},"end":{"line":10,"column":35}},"loc":{"start":{"line":10,"column":56},"end":{"line":18,"column":1}},"line":10},"1":{"name":"(anonymous_1)","decl":{"start":{"line":13,"column":28},"end":{"line":13,"column":29}},"loc":{"start":{"line":13,"column":34},"end":{"line":13,"column":60}},"line":13}},"branchMap":{},"s":{"0":1,"1":0,"2":0,"3":0},"f":{"0":0,"1":0},"b":{},"_coverageSchema":"1a1c01bbd47fc00a2c39e90264f33305004495a9","hash":"3bf9460e0db8c40d7a6a3e4a7967fd3d17d7dc9a"}
,"C:\\NsinWork\\CBAP_0\\MobileApp\\src\\Navigation\\NavigationViews\\WorkspaceItemView.tsx": {"path":"C:\\NsinWork\\CBAP_0\\MobileApp\\src\\Navigation\\NavigationViews\\WorkspaceItemView.tsx","statementMap":{"0":{"start":{"line":9,"column":49},"end":{"line":20,"column":1}},"1":{"start":{"line":10,"column":28},"end":{"line":10,"column":52}},"2":{"start":{"line":11,"column":4},"end":{"line":19,"column":5}},"3":{"start":{"line":12,"column":34},"end":{"line":12,"column":76}}},"fnMap":{"0":{"name":"(anonymous_0)","decl":{"start":{"line":9,"column":49},"end":{"line":9,"column":50}},"loc":{"start":{"line":9,"column":74},"end":{"line":20,"column":1}},"line":9},"1":{"name":"(anonymous_1)","decl":{"start":{"line":12,"column":28},"end":{"line":12,"column":29}},"loc":{"start":{"line":12,"column":34},"end":{"line":12,"column":76}},"line":12}},"branchMap":{"0":{"loc":{"start":{"line":12,"column":42},"end":{"line":12,"column":75}},"type":"cond-expr","locations":[{"start":{"line":12,"column":60},"end":{"line":12,"column":66}},{"start":{"line":12,"column":69},"end":{"line":12,"column":75}}],"line":12}},"s":{"0":1,"1":5,"2":5,"3":0},"f":{"0":5,"1":0},"b":{"0":[0,0]},"_coverageSchema":"1a1c01bbd47fc00a2c39e90264f33305004495a9","hash":"2ab0733a40fff8818ce56dc3a98ecd899664358d"}
,"C:\\NsinWork\\CBAP_0\\MobileApp\\src\\Notifications\\DataAccessLayer\\TestNotificationsDAL.ts": {"path":"C:\\NsinWork\\CBAP_0\\MobileApp\\src\\Notifications\\DataAccessLayer\\TestNotificationsDAL.ts","statementMap":{"0":{"start":{"line":6,"column":57},"end":{"line":59,"column":1}},"1":{"start":{"line":61,"column":23},"end":{"line":61,"column":43}},"2":{"start":{"line":65,"column":4},"end":{"line":65,"column":41}},"3":{"start":{"line":68,"column":4},"end":{"line":68,"column":47}},"4":{"start":{"line":71,"column":4},"end":{"line":71,"column":47}},"5":{"start":{"line":74,"column":4},"end":{"line":74,"column":47}},"6":{"start":{"line":77,"column":4},"end":{"line":77,"column":47}},"7":{"start":{"line":80,"column":4},"end":{"line":80,"column":47}},"8":{"start":{"line":83,"column":4},"end":{"line":83,"column":47}},"9":{"start":{"line":86,"column":4},"end":{"line":86,"column":47}},"10":{"start":{"line":89,"column":4},"end":{"line":89,"column":47}}},"fnMap":{"0":{"name":"(anonymous_0)","decl":{"start":{"line":64,"column":2},"end":{"line":64,"column":3}},"loc":{"start":{"line":64,"column":63},"end":{"line":66,"column":3}},"line":64},"1":{"name":"(anonymous_1)","decl":{"start":{"line":67,"column":2},"end":{"line":67,"column":3}},"loc":{"start":{"line":67,"column":44},"end":{"line":69,"column":3}},"line":67},"2":{"name":"(anonymous_2)","decl":{"start":{"line":70,"column":2},"end":{"line":70,"column":3}},"loc":{"start":{"line":70,"column":47},"end":{"line":72,"column":3}},"line":70},"3":{"name":"(anonymous_3)","decl":{"start":{"line":73,"column":2},"end":{"line":73,"column":3}},"loc":{"start":{"line":73,"column":49},"end":{"line":75,"column":3}},"line":73},"4":{"name":"(anonymous_4)","decl":{"start":{"line":76,"column":2},"end":{"line":76,"column":3}},"loc":{"start":{"line":76,"column":58},"end":{"line":78,"column":3}},"line":76},"5":{"name":"(anonymous_5)","decl":{"start":{"line":79,"column":2},"end":{"line":79,"column":3}},"loc":{"start":{"line":79,"column":62},"end":{"line":81,"column":3}},"line":79},"6":{"name":"(anonymous_6)","decl":{"start":{"line":82,"column":2},"end":{"line":82,"column":3}},"loc":{"start":{"line":82,"column":65},"end":{"line":84,"column":3}},"line":82},"7":{"name":"(anonymous_7)","decl":{"start":{"line":85,"column":2},"end":{"line":85,"column":3}},"loc":{"start":{"line":85,"column":70},"end":{"line":87,"column":3}},"line":85},"8":{"name":"(anonymous_8)","decl":{"start":{"line":88,"column":2},"end":{"line":88,"column":3}},"loc":{"start":{"line":88,"column":20},"end":{"line":90,"column":3}},"line":88}},"branchMap":{},"s":{"0":1,"1":1,"2":0,"3":0,"4":0,"5":0,"6":0,"7":0,"8":0,"9":0,"10":0},"f":{"0":0,"1":0,"2":0,"3":0,"4":0,"5":0,"6":0,"7":0,"8":0},"b":{},"_coverageSchema":"1a1c01bbd47fc00a2c39e90264f33305004495a9","hash":"4e36ebb52c19645ab4c6ff2a41d23960f6faa2f1"}
,"C:\\NsinWork\\CBAP_0\\MobileApp\\src\\Notifications\\NotificationVM\\NotificationVM.tsx": {"path":"C:\\NsinWork\\CBAP_0\\MobileApp\\src\\Notifications\\NotificationVM\\NotificationVM.tsx","statementMap":{"0":{"start":{"line":8,"column":8},"end":{"line":8,"column":35}}},"fnMap":{"0":{"name":"(anonymous_0)","decl":{"start":{"line":7,"column":4},"end":{"line":7,"column":5}},"loc":{"start":{"line":7,"column":56},"end":{"line":9,"column":5}},"line":7}},"branchMap":{},"s":{"0":0},"f":{"0":0},"b":{},"_coverageSchema":"1a1c01bbd47fc00a2c39e90264f33305004495a9","hash":"bbced239caf7217297f9bb9115a713ed10e9b3ae"}
}
