TN:
SF:src\Navigation\DataAccessLayer\TestNavigationDAL.ts
FN:79,(anonymous_0)
FN:84,(anonymous_1)
FN:88,(anonymous_2)
FN:92,(anonymous_3)
FN:96,(anonymous_4)
FN:100,(anonymous_5)
FN:104,(anonymous_6)
FN:108,(anonymous_7)
FN:112,(anonymous_8)
FNF:9
FNH:3
FNDA:4,(anonymous_0)
FNDA:1,(anonymous_1)
FNDA:1,(anonymous_2)
FNDA:0,(anonymous_3)
FNDA:0,(anonymous_4)
FNDA:0,(anonymous_5)
FNDA:0,(anonymous_6)
FNDA:0,(anonymous_7)
FNDA:0,(anonymous_8)
DA:4,1
DA:73,1
DA:76,1
DA:77,1
DA:80,4
DA:81,4
DA:85,1
DA:89,1
DA:109,0
DA:113,0
LF:10
LH:8
BRF:0
BRH:0
end_of_record
TN:
SF:src\Navigation\NavigationViewModels\DrawerContentFactory.tsx
FN:11,(anonymous_0)
FN:20,(anonymous_1)
FN:25,(anonymous_2)
FN:29,(anonymous_3)
FN:37,(anonymous_4)
FN:53,(anonymous_5)
FN:61,(anonymous_6)
FN:75,(anonymous_7)
FN:76,(anonymous_8)
FNF:9
FNH:6
FNDA:1,(anonymous_0)
FNDA:2,(anonymous_1)
FNDA:0,(anonymous_2)
FNDA:0,(anonymous_3)
FNDA:0,(anonymous_4)
FNDA:4,(anonymous_5)
FNDA:4,(anonymous_6)
FNDA:11,(anonymous_7)
FNDA:7,(anonymous_8)
DA:12,1
DA:21,2
DA:22,2
DA:26,0
DA:30,0
DA:38,0
DA:54,4
DA:55,4
DA:56,4
DA:57,4
DA:58,4
DA:62,4
DA:64,4
DA:67,0
DA:76,11
DA:77,7
DA:79,7
DA:82,0
DA:85,0
DA:92,11
LF:20
LH:14
BRDA:30,0,0,0
BRDA:30,0,1,0
BRDA:62,1,0,4
BRDA:62,1,1,0
BRDA:77,2,0,7
BRDA:77,2,1,0
BRDA:77,2,2,0
BRF:7
BRH:2
end_of_record
TN:
SF:src\Navigation\NavigationViews\GroupItemView.tsx
FN:9,(anonymous_0)
FN:12,(anonymous_1)
FNF:2
FNH:1
FNDA:8,(anonymous_0)
FNDA:0,(anonymous_1)
DA:9,1
DA:10,8
DA:11,8
DA:12,0
LF:4
LH:3
BRDA:12,0,0,0
BRDA:12,0,1,0
BRF:2
BRH:0
end_of_record
TN:
SF:src\Navigation\NavigationViews\NavItemView.tsx
FN:10,(anonymous_0)
FN:13,(anonymous_1)
FNF:2
FNH:0
FNDA:0,(anonymous_0)
FNDA:0,(anonymous_1)
DA:10,1
DA:11,0
DA:12,0
DA:13,0
LF:4
LH:1
BRF:0
BRH:0
end_of_record
TN:
SF:src\Navigation\NavigationViews\WorkspaceItemView.tsx
FN:9,(anonymous_0)
FN:12,(anonymous_1)
FNF:2
FNH:1
FNDA:5,(anonymous_0)
FNDA:0,(anonymous_1)
DA:9,1
DA:10,5
DA:11,5
DA:12,0
LF:4
LH:3
BRDA:12,0,0,0
BRDA:12,0,1,0
BRF:2
BRH:0
end_of_record
TN:
SF:src\Notifications\DataAccessLayer\TestNotificationsDAL.ts
FN:64,(anonymous_0)
FN:67,(anonymous_1)
FN:70,(anonymous_2)
FN:73,(anonymous_3)
FN:76,(anonymous_4)
FN:79,(anonymous_5)
FN:82,(anonymous_6)
FN:85,(anonymous_7)
FN:88,(anonymous_8)
FNF:9
FNH:0
FNDA:0,(anonymous_0)
FNDA:0,(anonymous_1)
FNDA:0,(anonymous_2)
FNDA:0,(anonymous_3)
FNDA:0,(anonymous_4)
FNDA:0,(anonymous_5)
FNDA:0,(anonymous_6)
FNDA:0,(anonymous_7)
FNDA:0,(anonymous_8)
DA:6,1
DA:61,1
DA:65,0
DA:68,0
DA:71,0
DA:74,0
DA:77,0
DA:80,0
DA:83,0
DA:86,0
DA:89,0
LF:11
LH:2
BRF:0
BRH:0
end_of_record
TN:
SF:src\Notifications\NotificationVM\NotificationVM.tsx
FN:7,(anonymous_0)
FNF:1
FNH:0
FNDA:0,(anonymous_0)
DA:8,0
LF:1
LH:0
BRF:0
BRH:0
end_of_record
